2022-09-10 20:44:04,303 [Worker-4: Loading available Gradle versions] INFO  o.e.b.c.i.u.g.PublishedGradleVersions - Gradle version information cache is up-to-date. Trying to read.
2022-09-10 20:47:49,824 [Worker-13: Creating project "CodeBai01_Lap02"] INFO  o.e.m.c.i.l.LifecycleMappingFactory - Using org.eclipse.m2e.jdt.JarLifecycleMapping lifecycle mapping for MavenProject: CodeBai01_Lap02:CodeBai01_Lap02:0.0.1-SNAPSHOT @ E:\Nam4\KienTruc\CodeBai01_Lap02\pom.xml.
2022-09-10 20:47:50,257 [Worker-13: Creating project "CodeBai01_Lap02"] INFO  o.e.m.j.i.AbstractJavaProjectConfigurator - Adding source folder /CodeBai01_Lap02/src/main/java
2022-09-10 20:47:50,258 [Worker-13: Creating project "CodeBai01_Lap02"] INFO  o.e.m.j.i.AbstractJavaProjectConfigurator - Adding resource folder /CodeBai01_Lap02/src/main/resources
2022-09-10 20:47:50,259 [Worker-13: Creating project "CodeBai01_Lap02"] INFO  o.e.m.j.i.AbstractJavaProjectConfigurator - Adding source folder /CodeBai01_Lap02/src/test/java
2022-09-10 20:47:50,260 [Worker-13: Creating project "CodeBai01_Lap02"] INFO  o.e.m.j.i.AbstractJavaProjectConfigurator - Adding resource folder /CodeBai01_Lap02/src/test/resources
2022-09-10 20:47:50,941 [Worker-13: Building] WARN  o.e.m.c.i.embedder.EclipseLogger - Using platform encoding (Cp1258 actually) to copy filtered resources, i.e. build is platform dependent!
2022-09-10 20:47:50,949 [Worker-13: Building] INFO  o.e.m.c.i.embedder.EclipseLogger - Copying 0 resource
2022-09-10 20:47:50,952 [Worker-13: Building] WARN  o.e.m.c.i.embedder.EclipseLogger - Using platform encoding (Cp1258 actually) to copy filtered resources, i.e. build is platform dependent!
2022-09-10 20:47:50,953 [Worker-13: Building] INFO  o.e.m.c.i.embedder.EclipseLogger - Copying 0 resource
2022-09-10 20:48:22,848 [Worker-21: Building] INFO  o.e.m.c.i.l.LifecycleMappingFactory - Using org.eclipse.m2e.jdt.JarLifecycleMapping lifecycle mapping for MavenProject: CodeBai01_Lap02:CodeBai01_Lap02:0.0.1-SNAPSHOT @ E:\Nam4\KienTruc\CodeBai01_Lap02\pom.xml.
2022-09-10 20:48:23,296 [Worker-21: Building] WARN  o.e.m.c.i.embedder.EclipseLogger - Using platform encoding (Cp1258 actually) to copy filtered resources, i.e. build is platform dependent!
2022-09-10 20:48:23,299 [Worker-21: Building] INFO  o.e.m.c.i.embedder.EclipseLogger - Copying 0 resource
2022-09-10 20:48:23,303 [Worker-21: Building] WARN  o.e.m.c.i.embedder.EclipseLogger - Using platform encoding (Cp1258 actually) to copy filtered resources, i.e. build is platform dependent!
2022-09-10 20:48:23,305 [Worker-21: Building] INFO  o.e.m.c.i.embedder.EclipseLogger - Copying 0 resource
2022-09-10 20:48:24,847 [Worker-20: Building] WARN  o.e.m.c.i.embedder.EclipseLogger - Using platform encoding (Cp1258 actually) to copy filtered resources, i.e. build is platform dependent!
2022-09-10 20:48:24,852 [Worker-20: Building] INFO  o.e.m.c.i.embedder.EclipseLogger - Copying 0 resource
2022-09-10 20:48:24,859 [Worker-20: Building] WARN  o.e.m.c.i.embedder.EclipseLogger - Using platform encoding (Cp1258 actually) to copy filtered resources, i.e. build is platform dependent!
2022-09-10 20:48:24,862 [Worker-20: Building] INFO  o.e.m.c.i.embedder.EclipseLogger - Copying 0 resource
2022-09-10 20:49:03,358 [Worker-4: Updating Maven Project] INFO  o.e.m.c.i.p.ProjectConfigurationManager - Update started
2022-09-10 20:49:03,693 [Worker-4: Updating Maven Project] INFO  o.e.m.c.i.l.LifecycleMappingFactory - Using org.eclipse.m2e.jdt.JarLifecycleMapping lifecycle mapping for MavenProject: CodeBai01_Lap02:CodeBai01_Lap02:0.0.1-SNAPSHOT @ E:\Nam4\KienTruc\CodeBai01_Lap02\pom.xml.
2022-09-10 20:49:03,889 [Worker-4: Updating Maven Project] INFO  o.e.m.j.i.AbstractJavaProjectConfigurator - Adding source folder /CodeBai01_Lap02/src/main/java
2022-09-10 20:49:03,890 [Worker-4: Updating Maven Project] INFO  o.e.m.j.i.AbstractJavaProjectConfigurator - Adding resource folder /CodeBai01_Lap02/src/main/resources
2022-09-10 20:49:03,890 [Worker-4: Updating Maven Project] INFO  o.e.m.j.i.AbstractJavaProjectConfigurator - Adding source folder /CodeBai01_Lap02/src/test/java
2022-09-10 20:49:03,891 [Worker-4: Updating Maven Project] INFO  o.e.m.j.i.AbstractJavaProjectConfigurator - Adding resource folder /CodeBai01_Lap02/src/test/resources
2022-09-10 20:49:04,007 [Worker-4: Updating Maven Project] INFO  o.e.m.c.i.p.ProjectConfigurationManager - Update completed: 0 sec
2022-09-10 20:49:04,182 [Worker-4: Building] WARN  o.e.m.c.i.embedder.EclipseLogger - Using platform encoding (Cp1258 actually) to copy filtered resources, i.e. build is platform dependent!
2022-09-10 20:49:04,183 [Worker-4: Building] INFO  o.e.m.c.i.embedder.EclipseLogger - Copying 0 resource
2022-09-10 20:49:04,186 [Worker-4: Building] WARN  o.e.m.c.i.embedder.EclipseLogger - Using platform encoding (Cp1258 actually) to copy filtered resources, i.e. build is platform dependent!
2022-09-10 20:49:04,188 [Worker-4: Building] INFO  o.e.m.c.i.embedder.EclipseLogger - Copying 0 resource
2022-09-10 20:49:37,597 [Worker-23: Building] WARN  o.e.m.c.i.embedder.EclipseLogger - Using platform encoding (Cp1258 actually) to copy filtered resources, i.e. build is platform dependent!
2022-09-10 20:49:37,600 [Worker-23: Building] INFO  o.e.m.c.i.embedder.EclipseLogger - Copying 0 resource
2022-09-10 20:49:37,602 [Worker-23: Building] WARN  o.e.m.c.i.embedder.EclipseLogger - Using platform encoding (Cp1258 actually) to copy filtered resources, i.e. build is platform dependent!
2022-09-10 20:49:37,604 [Worker-23: Building] INFO  o.e.m.c.i.embedder.EclipseLogger - Copying 0 resource
2022-09-10 20:49:40,422 [Worker-22: Building] WARN  o.e.m.c.i.embedder.EclipseLogger - Using platform encoding (Cp1258 actually) to copy filtered resources, i.e. build is platform dependent!
2022-09-10 20:49:40,424 [Worker-22: Building] INFO  o.e.m.c.i.embedder.EclipseLogger - Copying 0 resource
2022-09-10 20:49:40,426 [Worker-22: Building] WARN  o.e.m.c.i.embedder.EclipseLogger - Using platform encoding (Cp1258 actually) to copy filtered resources, i.e. build is platform dependent!
2022-09-10 20:49:40,427 [Worker-22: Building] INFO  o.e.m.c.i.embedder.EclipseLogger - Copying 0 resource
2022-09-10 20:51:01,192 [Worker-22: Building] INFO  o.e.m.c.i.l.LifecycleMappingFactory - Using org.eclipse.m2e.jdt.JarLifecycleMapping lifecycle mapping for MavenProject: CodeBai01_Lap02:CodeBai01_Lap02:0.0.1-SNAPSHOT @ E:\Nam4\KienTruc\CodeBai01_Lap02\pom.xml.
2022-09-10 20:51:01,337 [Worker-22: Building] WARN  o.e.m.c.i.embedder.EclipseLogger - Using platform encoding (Cp1258 actually) to copy filtered resources, i.e. build is platform dependent!
2022-09-10 20:51:01,339 [Worker-22: Building] INFO  o.e.m.c.i.embedder.EclipseLogger - Copying 0 resource
2022-09-10 20:51:01,341 [Worker-22: Building] WARN  o.e.m.c.i.embedder.EclipseLogger - Using platform encoding (Cp1258 actually) to copy filtered resources, i.e. build is platform dependent!
2022-09-10 20:51:01,342 [Worker-22: Building] INFO  o.e.m.c.i.embedder.EclipseLogger - Copying 0 resource
2022-09-10 20:51:02,848 [Worker-20: Building] INFO  o.e.m.c.i.l.LifecycleMappingFactory - Using org.eclipse.m2e.jdt.JarLifecycleMapping lifecycle mapping for MavenProject: CodeBai01_Lap02:CodeBai01_Lap02:0.0.1-SNAPSHOT @ E:\Nam4\KienTruc\CodeBai01_Lap02\pom.xml.
2022-09-10 20:51:03,111 [Worker-20: Building] WARN  o.e.m.c.i.embedder.EclipseLogger - Using platform encoding (Cp1258 actually) to copy filtered resources, i.e. build is platform dependent!
2022-09-10 20:51:03,114 [Worker-20: Building] INFO  o.e.m.c.i.embedder.EclipseLogger - Copying 0 resource
2022-09-10 20:51:03,116 [Worker-20: Building] WARN  o.e.m.c.i.embedder.EclipseLogger - Using platform encoding (Cp1258 actually) to copy filtered resources, i.e. build is platform dependent!
2022-09-10 20:51:03,117 [Worker-20: Building] INFO  o.e.m.c.i.embedder.EclipseLogger - Copying 0 resource
2022-09-10 20:51:08,795 [Worker-26: Updating Maven Project] INFO  o.e.m.c.i.p.ProjectConfigurationManager - Update started
2022-09-10 20:51:09,101 [Worker-26: Updating Maven Project] INFO  o.e.m.c.i.l.LifecycleMappingFactory - Using org.eclipse.m2e.jdt.JarLifecycleMapping lifecycle mapping for MavenProject: CodeBai01_Lap02:CodeBai01_Lap02:0.0.1-SNAPSHOT @ E:\Nam4\KienTruc\CodeBai01_Lap02\pom.xml.
2022-09-10 20:51:09,252 [Worker-26: Updating Maven Project] INFO  o.e.m.j.i.AbstractJavaProjectConfigurator - Adding source folder /CodeBai01_Lap02/src/main/java
2022-09-10 20:51:09,253 [Worker-26: Updating Maven Project] INFO  o.e.m.j.i.AbstractJavaProjectConfigurator - Adding resource folder /CodeBai01_Lap02/src/main/resources
2022-09-10 20:51:09,253 [Worker-26: Updating Maven Project] INFO  o.e.m.j.i.AbstractJavaProjectConfigurator - Adding source folder /CodeBai01_Lap02/src/test/java
2022-09-10 20:51:09,254 [Worker-26: Updating Maven Project] INFO  o.e.m.j.i.AbstractJavaProjectConfigurator - Adding resource folder /CodeBai01_Lap02/src/test/resources
2022-09-10 20:51:09,326 [Worker-26: Updating Maven Project] INFO  o.e.m.c.i.p.ProjectConfigurationManager - Update completed: 0 sec
2022-09-10 20:51:09,580 [Worker-26: Building] WARN  o.e.m.c.i.embedder.EclipseLogger - Using platform encoding (Cp1258 actually) to copy filtered resources, i.e. build is platform dependent!
2022-09-10 20:51:09,582 [Worker-26: Building] INFO  o.e.m.c.i.embedder.EclipseLogger - Copying 0 resource
2022-09-10 20:51:09,584 [Worker-26: Building] WARN  o.e.m.c.i.embedder.EclipseLogger - Using platform encoding (Cp1258 actually) to copy filtered resources, i.e. build is platform dependent!
2022-09-10 20:51:09,585 [Worker-26: Building] INFO  o.e.m.c.i.embedder.EclipseLogger - Copying 0 resource
2022-09-10 20:51:34,788 [Worker-25: Building] WARN  o.e.m.c.i.embedder.EclipseLogger - Using platform encoding (Cp1258 actually) to copy filtered resources, i.e. build is platform dependent!
2022-09-10 20:51:34,790 [Worker-25: Building] INFO  o.e.m.c.i.embedder.EclipseLogger - Copying 0 resource
2022-09-10 20:51:34,793 [Worker-25: Building] WARN  o.e.m.c.i.embedder.EclipseLogger - Using platform encoding (Cp1258 actually) to copy filtered resources, i.e. build is platform dependent!
2022-09-10 20:51:34,795 [Worker-25: Building] INFO  o.e.m.c.i.embedder.EclipseLogger - Copying 0 resource
2022-09-10 20:52:06,781 [Worker-30: Building] INFO  o.e.m.c.i.l.LifecycleMappingFactory - Using org.eclipse.m2e.jdt.JarLifecycleMapping lifecycle mapping for MavenProject: CodeBai01_Lap02:CodeBai01_Lap02:0.0.1-SNAPSHOT @ E:\Nam4\KienTruc\CodeBai01_Lap02\pom.xml.
2022-09-10 20:52:06,896 [Worker-30: Building] WARN  o.e.m.c.i.embedder.EclipseLogger - Using platform encoding (Cp1258 actually) to copy filtered resources, i.e. build is platform dependent!
2022-09-10 20:52:06,898 [Worker-30: Building] INFO  o.e.m.c.i.embedder.EclipseLogger - Copying 0 resource
2022-09-10 20:52:06,900 [Worker-30: Building] WARN  o.e.m.c.i.embedder.EclipseLogger - Using platform encoding (Cp1258 actually) to copy filtered resources, i.e. build is platform dependent!
2022-09-10 20:52:06,901 [Worker-30: Building] INFO  o.e.m.c.i.embedder.EclipseLogger - Copying 0 resource
2022-09-10 20:52:13,878 [Worker-20: Updating Maven Project] INFO  o.e.m.c.i.p.ProjectConfigurationManager - Update started
2022-09-10 20:52:14,203 [Worker-20: Updating Maven Project] INFO  o.e.m.c.i.l.LifecycleMappingFactory - Using org.eclipse.m2e.jdt.JarLifecycleMapping lifecycle mapping for MavenProject: CodeBai01_Lap02:CodeBai01_Lap02:0.0.1-SNAPSHOT @ E:\Nam4\KienTruc\CodeBai01_Lap02\pom.xml.
2022-09-10 20:52:14,326 [Worker-20: Updating Maven Project] INFO  o.e.m.j.i.AbstractJavaProjectConfigurator - Adding source folder /CodeBai01_Lap02/src/main/java
2022-09-10 20:52:14,327 [Worker-20: Updating Maven Project] INFO  o.e.m.j.i.AbstractJavaProjectConfigurator - Adding resource folder /CodeBai01_Lap02/src/main/resources
2022-09-10 20:52:14,328 [Worker-20: Updating Maven Project] INFO  o.e.m.j.i.AbstractJavaProjectConfigurator - Adding source folder /CodeBai01_Lap02/src/test/java
2022-09-10 20:52:14,328 [Worker-20: Updating Maven Project] INFO  o.e.m.j.i.AbstractJavaProjectConfigurator - Adding resource folder /CodeBai01_Lap02/src/test/resources
2022-09-10 20:52:14,405 [Worker-20: Updating Maven Project] INFO  o.e.m.c.i.p.ProjectConfigurationManager - Update completed: 0 sec
2022-09-10 20:52:14,665 [Worker-20: Building] WARN  o.e.m.c.i.embedder.EclipseLogger - Using platform encoding (Cp1258 actually) to copy filtered resources, i.e. build is platform dependent!
2022-09-10 20:52:14,666 [Worker-20: Building] INFO  o.e.m.c.i.embedder.EclipseLogger - Copying 0 resource
2022-09-10 20:52:14,669 [Worker-20: Building] WARN  o.e.m.c.i.embedder.EclipseLogger - Using platform encoding (Cp1258 actually) to copy filtered resources, i.e. build is platform dependent!
2022-09-10 20:52:14,671 [Worker-20: Building] INFO  o.e.m.c.i.embedder.EclipseLogger - Copying 0 resource
2022-09-10 20:52:44,420 [Worker-26: Building] WARN  o.e.m.c.i.embedder.EclipseLogger - Using platform encoding (Cp1258 actually) to copy filtered resources, i.e. build is platform dependent!
2022-09-10 20:52:44,423 [Worker-26: Building] INFO  o.e.m.c.i.embedder.EclipseLogger - Copying 0 resource
2022-09-10 20:52:44,426 [Worker-26: Building] WARN  o.e.m.c.i.embedder.EclipseLogger - Using platform encoding (Cp1258 actually) to copy filtered resources, i.e. build is platform dependent!
2022-09-10 20:52:44,428 [Worker-26: Building] INFO  o.e.m.c.i.embedder.EclipseLogger - Copying 0 resource
2022-09-10 20:54:06,910 [Worker-20: Building] WARN  o.e.m.c.i.embedder.EclipseLogger - Using platform encoding (Cp1258 actually) to copy filtered resources, i.e. build is platform dependent!
2022-09-10 20:54:06,911 [Worker-20: Building] INFO  o.e.m.c.i.embedder.EclipseLogger - Copying 0 resource
2022-09-10 20:54:06,913 [Worker-20: Building] WARN  o.e.m.c.i.embedder.EclipseLogger - Using platform encoding (Cp1258 actually) to copy filtered resources, i.e. build is platform dependent!
2022-09-10 20:54:06,914 [Worker-20: Building] INFO  o.e.m.c.i.embedder.EclipseLogger - Copying 0 resource
2022-09-10 20:55:21,939 [Worker-22: Building] WARN  o.e.m.c.i.embedder.EclipseLogger - Using platform encoding (Cp1258 actually) to copy filtered resources, i.e. build is platform dependent!
2022-09-10 20:55:21,941 [Worker-22: Building] INFO  o.e.m.c.i.embedder.EclipseLogger - Copying 0 resource
2022-09-10 20:55:21,943 [Worker-22: Building] WARN  o.e.m.c.i.embedder.EclipseLogger - Using platform encoding (Cp1258 actually) to copy filtered resources, i.e. build is platform dependent!
2022-09-10 20:55:21,944 [Worker-22: Building] INFO  o.e.m.c.i.embedder.EclipseLogger - Copying 0 resource
2022-09-10 20:55:32,289 [Worker-25: Building] WARN  o.e.m.c.i.embedder.EclipseLogger - Using platform encoding (Cp1258 actually) to copy filtered resources, i.e. build is platform dependent!
2022-09-10 20:55:32,290 [Worker-25: Building] INFO  o.e.m.c.i.embedder.EclipseLogger - Copying 0 resource
2022-09-10 20:55:32,293 [Worker-25: Building] WARN  o.e.m.c.i.embedder.EclipseLogger - Using platform encoding (Cp1258 actually) to copy filtered resources, i.e. build is platform dependent!
2022-09-10 20:55:32,294 [Worker-25: Building] INFO  o.e.m.c.i.embedder.EclipseLogger - Copying 0 resource
2022-09-10 20:55:39,969 [Worker-22: Building] WARN  o.e.m.c.i.embedder.EclipseLogger - Using platform encoding (Cp1258 actually) to copy filtered resources, i.e. build is platform dependent!
2022-09-10 20:55:39,970 [Worker-22: Building] INFO  o.e.m.c.i.embedder.EclipseLogger - Copying 0 resource
2022-09-10 20:55:39,971 [Worker-22: Building] WARN  o.e.m.c.i.embedder.EclipseLogger - Using platform encoding (Cp1258 actually) to copy filtered resources, i.e. build is platform dependent!
2022-09-10 20:55:39,973 [Worker-22: Building] INFO  o.e.m.c.i.embedder.EclipseLogger - Copying 0 resource
2022-09-10 20:58:34,627 [Worker-26: Creating project "CodeBai1_Lp02"] INFO  o.e.m.c.i.l.LifecycleMappingFactory - Using org.eclipse.m2e.jdt.JarLifecycleMapping lifecycle mapping for MavenProject: CodeBai1_Lp02:CodeBai1_Lp02:0.0.1-SNAPSHOT @ E:\Nam4\KienTruc\CodeBai1_Lp02\pom.xml.
2022-09-10 20:58:34,667 [Worker-26: Creating project "CodeBai1_Lp02"] INFO  o.e.m.j.i.AbstractJavaProjectConfigurator - Adding source folder /CodeBai1_Lp02/src/main/java
2022-09-10 20:58:34,667 [Worker-26: Creating project "CodeBai1_Lp02"] INFO  o.e.m.j.i.AbstractJavaProjectConfigurator - Adding resource folder /CodeBai1_Lp02/src/main/resources
2022-09-10 20:58:34,668 [Worker-26: Creating project "CodeBai1_Lp02"] INFO  o.e.m.j.i.AbstractJavaProjectConfigurator - Adding source folder /CodeBai1_Lp02/src/test/java
2022-09-10 20:58:34,668 [Worker-26: Creating project "CodeBai1_Lp02"] INFO  o.e.m.j.i.AbstractJavaProjectConfigurator - Adding resource folder /CodeBai1_Lp02/src/test/resources
2022-09-10 20:58:34,960 [Worker-29: Building] WARN  o.e.m.c.i.embedder.EclipseLogger - Using platform encoding (Cp1258 actually) to copy filtered resources, i.e. build is platform dependent!
2022-09-10 20:58:34,961 [Worker-29: Building] INFO  o.e.m.c.i.embedder.EclipseLogger - Copying 0 resource
2022-09-10 20:58:34,962 [Worker-29: Building] WARN  o.e.m.c.i.embedder.EclipseLogger - Using platform encoding (Cp1258 actually) to copy filtered resources, i.e. build is platform dependent!
2022-09-10 20:58:34,963 [Worker-29: Building] INFO  o.e.m.c.i.embedder.EclipseLogger - Copying 0 resource
2022-09-10 20:59:02,021 [Worker-25: Building] WARN  o.e.m.c.i.embedder.EclipseLogger - Using platform encoding (Cp1258 actually) to copy filtered resources, i.e. build is platform dependent!
2022-09-10 20:59:02,022 [Worker-25: Building] INFO  o.e.m.c.i.embedder.EclipseLogger - Copying 0 resource
2022-09-10 20:59:02,025 [Worker-25: Building] WARN  o.e.m.c.i.embedder.EclipseLogger - Using platform encoding (Cp1258 actually) to copy filtered resources, i.e. build is platform dependent!
2022-09-10 20:59:02,026 [Worker-25: Building] INFO  o.e.m.c.i.embedder.EclipseLogger - Copying 0 resource
2022-09-10 20:59:30,970 [Worker-25: Building] INFO  o.e.m.c.i.l.LifecycleMappingFactory - Using org.eclipse.m2e.jdt.JarLifecycleMapping lifecycle mapping for MavenProject: CodeBai1_Lp02:CodeBai1_Lp02:0.0.1-SNAPSHOT @ E:\Nam4\KienTruc\CodeBai1_Lp02\pom.xml.
2022-09-10 20:59:31,070 [Worker-25: Building] WARN  o.e.m.c.i.embedder.EclipseLogger - Using platform encoding (Cp1258 actually) to copy filtered resources, i.e. build is platform dependent!
2022-09-10 20:59:31,072 [Worker-25: Building] INFO  o.e.m.c.i.embedder.EclipseLogger - Copying 0 resource
2022-09-10 20:59:31,074 [Worker-25: Building] WARN  o.e.m.c.i.embedder.EclipseLogger - Using platform encoding (Cp1258 actually) to copy filtered resources, i.e. build is platform dependent!
2022-09-10 20:59:31,075 [Worker-25: Building] INFO  o.e.m.c.i.embedder.EclipseLogger - Copying 0 resource
2022-09-10 20:59:32,304 [Worker-31: Building] WARN  o.e.m.c.i.embedder.EclipseLogger - Using platform encoding (Cp1258 actually) to copy filtered resources, i.e. build is platform dependent!
2022-09-10 20:59:32,305 [Worker-31: Building] INFO  o.e.m.c.i.embedder.EclipseLogger - Copying 0 resource
2022-09-10 20:59:32,307 [Worker-31: Building] WARN  o.e.m.c.i.embedder.EclipseLogger - Using platform encoding (Cp1258 actually) to copy filtered resources, i.e. build is platform dependent!
2022-09-10 20:59:32,309 [Worker-31: Building] INFO  o.e.m.c.i.embedder.EclipseLogger - Copying 0 resource
2022-09-10 20:59:46,906 [Worker-26: Building] ERROR o.e.m.c.i.p.r.ProjectRegistryManager - Could not read pom.xml
org.eclipse.core.runtime.CoreException: Could not read pom.xml
	at org.eclipse.m2e.core.internal.embedder.MavenImpl.readModel(MavenImpl.java:560)
	at org.eclipse.m2e.core.internal.project.registry.ProjectRegistryManager.refreshPhase2(ProjectRegistryManager.java:562)
	at org.eclipse.m2e.core.internal.project.registry.ProjectRegistryManager.refresh(ProjectRegistryManager.java:518)
	at org.eclipse.m2e.core.internal.project.registry.ProjectRegistryManager.refresh(ProjectRegistryManager.java:364)
	at org.eclipse.m2e.core.internal.project.registry.ProjectRegistryManager.refresh(ProjectRegistryManager.java:315)
	at org.eclipse.m2e.core.internal.builder.MavenBuilder$BuildMethod.getProjectFacade(MavenBuilder.java:151)
	at org.eclipse.m2e.core.internal.builder.MavenBuilder$BuildMethod.lambda$0(MavenBuilder.java:89)
	at org.eclipse.m2e.core.internal.embedder.MavenExecutionContext.executeBare(MavenExecutionContext.java:179)
	at org.eclipse.m2e.core.internal.embedder.MavenExecutionContext.execute(MavenExecutionContext.java:153)
	at org.eclipse.m2e.core.internal.embedder.MavenExecutionContext.execute(MavenExecutionContext.java:101)
	at org.eclipse.m2e.core.internal.builder.MavenBuilder$BuildMethod.execute(MavenBuilder.java:88)
	at org.eclipse.m2e.core.internal.builder.MavenBuilder.build(MavenBuilder.java:197)
	at org.eclipse.core.internal.events.BuildManager$2.run(BuildManager.java:853)
	at org.eclipse.core.runtime.SafeRunner.run(SafeRunner.java:45)
	at org.eclipse.core.internal.events.BuildManager.basicBuild(BuildManager.java:232)
	at org.eclipse.core.internal.events.BuildManager.basicBuild(BuildManager.java:281)
	at org.eclipse.core.internal.events.BuildManager$1.run(BuildManager.java:334)
	at org.eclipse.core.runtime.SafeRunner.run(SafeRunner.java:45)
	at org.eclipse.core.internal.events.BuildManager.basicBuild(BuildManager.java:337)
	at org.eclipse.core.internal.events.BuildManager.basicBuildLoop(BuildManager.java:389)
	at org.eclipse.core.internal.events.BuildManager.build(BuildManager.java:410)
	at org.eclipse.core.internal.events.AutoBuildJob.doBuild(AutoBuildJob.java:160)
	at org.eclipse.core.internal.events.AutoBuildJob.run(AutoBuildJob.java:251)
	at org.eclipse.core.internal.jobs.Worker.run(Worker.java:63)
Caused by: org.apache.maven.model.io.ModelParseException: in comment after two dashes (--) next character must be > not   (position: END_TAG seen ...</dependency>\r\n<!-- \t\t<!-- ... @51:13) 
	at org.apache.maven.model.io.DefaultModelReader.read(DefaultModelReader.java:117)
	at org.apache.maven.model.io.DefaultModelReader.read(DefaultModelReader.java:85)
	at org.eclipse.m2e.core.internal.embedder.MavenImpl.readModel(MavenImpl.java:558)
	... 23 common frames omitted
Caused by: org.codehaus.plexus.util.xml.pull.XmlPullParserException: in comment after two dashes (--) next character must be > not   (position: END_TAG seen ...</dependency>\r\n<!-- \t\t<!-- ... @51:13) 
	at org.codehaus.plexus.util.xml.pull.MXParser.parseComment(MXParser.java:2905)
	at org.codehaus.plexus.util.xml.pull.MXParser.nextImpl(MXParser.java:1420)
	at org.codehaus.plexus.util.xml.pull.MXParser.next(MXParser.java:1319)
	at org.codehaus.plexus.util.xml.pull.MXParser.nextTag(MXParser.java:1302)
	at org.apache.maven.model.io.xpp3.MavenXpp3Reader.parseModel(MavenXpp3Reader.java:2235)
	at org.apache.maven.model.io.xpp3.MavenXpp3Reader.read(MavenXpp3Reader.java:3872)
	at org.apache.maven.model.io.xpp3.MavenXpp3Reader.read(MavenXpp3Reader.java:595)
	at org.apache.maven.model.io.DefaultModelReader.read(DefaultModelReader.java:112)
	... 25 common frames omitted
2022-09-10 20:59:48,062 [Worker-25: Building] ERROR o.e.m.c.i.p.r.ProjectRegistryManager - Could not read pom.xml
org.eclipse.core.runtime.CoreException: Could not read pom.xml
	at org.eclipse.m2e.core.internal.embedder.MavenImpl.readModel(MavenImpl.java:560)
	at org.eclipse.m2e.core.internal.project.registry.ProjectRegistryManager.refreshPhase2(ProjectRegistryManager.java:562)
	at org.eclipse.m2e.core.internal.project.registry.ProjectRegistryManager.refresh(ProjectRegistryManager.java:518)
	at org.eclipse.m2e.core.internal.project.registry.ProjectRegistryManager.refresh(ProjectRegistryManager.java:364)
	at org.eclipse.m2e.core.internal.project.registry.ProjectRegistryManager.refresh(ProjectRegistryManager.java:315)
	at org.eclipse.m2e.core.internal.builder.MavenBuilder$BuildMethod.getProjectFacade(MavenBuilder.java:151)
	at org.eclipse.m2e.core.internal.builder.MavenBuilder$BuildMethod.lambda$0(MavenBuilder.java:89)
	at org.eclipse.m2e.core.internal.embedder.MavenExecutionContext.executeBare(MavenExecutionContext.java:179)
	at org.eclipse.m2e.core.internal.embedder.MavenExecutionContext.execute(MavenExecutionContext.java:153)
	at org.eclipse.m2e.core.internal.embedder.MavenExecutionContext.execute(MavenExecutionContext.java:101)
	at org.eclipse.m2e.core.internal.builder.MavenBuilder$BuildMethod.execute(MavenBuilder.java:88)
	at org.eclipse.m2e.core.internal.builder.MavenBuilder.build(MavenBuilder.java:197)
	at org.eclipse.core.internal.events.BuildManager$2.run(BuildManager.java:853)
	at org.eclipse.core.runtime.SafeRunner.run(SafeRunner.java:45)
	at org.eclipse.core.internal.events.BuildManager.basicBuild(BuildManager.java:232)
	at org.eclipse.core.internal.events.BuildManager.basicBuild(BuildManager.java:281)
	at org.eclipse.core.internal.events.BuildManager$1.run(BuildManager.java:334)
	at org.eclipse.core.runtime.SafeRunner.run(SafeRunner.java:45)
	at org.eclipse.core.internal.events.BuildManager.basicBuild(BuildManager.java:337)
	at org.eclipse.core.internal.events.BuildManager.basicBuildLoop(BuildManager.java:389)
	at org.eclipse.core.internal.events.BuildManager.build(BuildManager.java:410)
	at org.eclipse.core.internal.events.AutoBuildJob.doBuild(AutoBuildJob.java:160)
	at org.eclipse.core.internal.events.AutoBuildJob.run(AutoBuildJob.java:251)
	at org.eclipse.core.internal.jobs.Worker.run(Worker.java:63)
Caused by: org.apache.maven.model.io.ModelParseException: in comment after two dashes (--) next character must be > not   (position: END_TAG seen ...</dependency>\r\n<!-- \t\t<!-- ... @51:13) 
	at org.apache.maven.model.io.DefaultModelReader.read(DefaultModelReader.java:117)
	at org.apache.maven.model.io.DefaultModelReader.read(DefaultModelReader.java:85)
	at org.eclipse.m2e.core.internal.embedder.MavenImpl.readModel(MavenImpl.java:558)
	... 23 common frames omitted
Caused by: org.codehaus.plexus.util.xml.pull.XmlPullParserException: in comment after two dashes (--) next character must be > not   (position: END_TAG seen ...</dependency>\r\n<!-- \t\t<!-- ... @51:13) 
	at org.codehaus.plexus.util.xml.pull.MXParser.parseComment(MXParser.java:2905)
	at org.codehaus.plexus.util.xml.pull.MXParser.nextImpl(MXParser.java:1420)
	at org.codehaus.plexus.util.xml.pull.MXParser.next(MXParser.java:1319)
	at org.codehaus.plexus.util.xml.pull.MXParser.nextTag(MXParser.java:1302)
	at org.apache.maven.model.io.xpp3.MavenXpp3Reader.parseModel(MavenXpp3Reader.java:2235)
	at org.apache.maven.model.io.xpp3.MavenXpp3Reader.read(MavenXpp3Reader.java:3872)
	at org.apache.maven.model.io.xpp3.MavenXpp3Reader.read(MavenXpp3Reader.java:595)
	at org.apache.maven.model.io.DefaultModelReader.read(DefaultModelReader.java:112)
	... 25 common frames omitted
2022-09-10 21:00:20,469 [Worker-29: Building] INFO  o.e.m.c.i.l.LifecycleMappingFactory - Using org.eclipse.m2e.jdt.JarLifecycleMapping lifecycle mapping for MavenProject: CodeBai1_Lp02:CodeBai1_Lp02:0.0.1-SNAPSHOT @ E:\Nam4\KienTruc\CodeBai1_Lp02\pom.xml.
2022-09-10 21:00:20,571 [Worker-29: Building] WARN  o.e.m.c.i.embedder.EclipseLogger - Using platform encoding (Cp1258 actually) to copy filtered resources, i.e. build is platform dependent!
2022-09-10 21:00:20,572 [Worker-29: Building] INFO  o.e.m.c.i.embedder.EclipseLogger - Copying 0 resource
2022-09-10 21:00:20,574 [Worker-29: Building] WARN  o.e.m.c.i.embedder.EclipseLogger - Using platform encoding (Cp1258 actually) to copy filtered resources, i.e. build is platform dependent!
2022-09-10 21:00:20,575 [Worker-29: Building] INFO  o.e.m.c.i.embedder.EclipseLogger - Copying 0 resource
2022-09-10 21:00:21,772 [Worker-32: Building] WARN  o.e.m.c.i.embedder.EclipseLogger - Using platform encoding (Cp1258 actually) to copy filtered resources, i.e. build is platform dependent!
2022-09-10 21:00:21,773 [Worker-32: Building] INFO  o.e.m.c.i.embedder.EclipseLogger - Copying 0 resource
2022-09-10 21:00:21,774 [Worker-32: Building] WARN  o.e.m.c.i.embedder.EclipseLogger - Using platform encoding (Cp1258 actually) to copy filtered resources, i.e. build is platform dependent!
2022-09-10 21:00:21,775 [Worker-32: Building] INFO  o.e.m.c.i.embedder.EclipseLogger - Copying 0 resource
2022-09-10 21:00:22,800 [Worker-31: Download sources and javadoc] INFO  o.e.m.c.i.e.AbstractTransferListenerAdapter - Downloading https://repo.maven.apache.org/maven2/javax/jms/javax.jms-api/2.0/javax.jms-api-2.0-sources.jar
2022-09-10 21:00:23,474 [Worker-31: Download sources and javadoc] INFO  o.e.m.c.i.e.AbstractTransferListenerAdapter - Downloaded https://repo.maven.apache.org/maven2/javax/jms/javax.jms-api/2.0/javax.jms-api-2.0-sources.jar
2022-09-10 21:00:23,478 [Worker-31: Download sources and javadoc] INFO  o.e.m.j.internal.DownloadSourcesJob - Downloaded sources for javax.jms:javax.jms-api:2.0
2022-09-10 21:00:23,667 [Worker-29: Building] WARN  o.e.m.c.i.embedder.EclipseLogger - Using platform encoding (Cp1258 actually) to copy filtered resources, i.e. build is platform dependent!
2022-09-10 21:00:23,668 [Worker-29: Building] INFO  o.e.m.c.i.embedder.EclipseLogger - Copying 0 resource
2022-09-10 21:00:23,669 [Worker-29: Building] WARN  o.e.m.c.i.embedder.EclipseLogger - Using platform encoding (Cp1258 actually) to copy filtered resources, i.e. build is platform dependent!
2022-09-10 21:00:23,669 [Worker-29: Building] INFO  o.e.m.c.i.embedder.EclipseLogger - Copying 0 resource
2022-09-10 21:00:29,013 [Worker-29: Building] INFO  o.e.m.c.i.l.LifecycleMappingFactory - Using org.eclipse.m2e.jdt.JarLifecycleMapping lifecycle mapping for MavenProject: CodeBai1_Lp02:CodeBai1_Lp02:0.0.1-SNAPSHOT @ E:\Nam4\KienTruc\CodeBai1_Lp02\pom.xml.
2022-09-10 21:00:29,071 [Worker-29: Building] WARN  o.e.m.c.i.embedder.EclipseLogger - Using platform encoding (Cp1258 actually) to copy filtered resources, i.e. build is platform dependent!
2022-09-10 21:00:29,071 [Worker-29: Building] INFO  o.e.m.c.i.embedder.EclipseLogger - Copying 0 resource
2022-09-10 21:00:29,072 [Worker-29: Building] WARN  o.e.m.c.i.embedder.EclipseLogger - Using platform encoding (Cp1258 actually) to copy filtered resources, i.e. build is platform dependent!
2022-09-10 21:00:29,073 [Worker-29: Building] INFO  o.e.m.c.i.embedder.EclipseLogger - Copying 0 resource
2022-09-10 21:00:37,581 [Worker-29: Updating Maven Project] INFO  o.e.m.c.i.p.ProjectConfigurationManager - Update started
2022-09-10 21:00:37,621 [Worker-29: Updating Maven Project] INFO  o.e.m.c.i.l.LifecycleMappingFactory - Using org.eclipse.m2e.jdt.JarLifecycleMapping lifecycle mapping for MavenProject: CodeBai1_Lp02:CodeBai1_Lp02:0.0.1-SNAPSHOT @ E:\Nam4\KienTruc\CodeBai1_Lp02\pom.xml.
2022-09-10 21:00:37,703 [Worker-29: Updating Maven Project] INFO  o.e.m.j.i.AbstractJavaProjectConfigurator - Adding source folder /CodeBai1_Lp02/src/main/java
2022-09-10 21:00:37,703 [Worker-29: Updating Maven Project] INFO  o.e.m.j.i.AbstractJavaProjectConfigurator - Adding resource folder /CodeBai1_Lp02/src/main/resources
2022-09-10 21:00:37,704 [Worker-29: Updating Maven Project] INFO  o.e.m.j.i.AbstractJavaProjectConfigurator - Adding source folder /CodeBai1_Lp02/src/test/java
2022-09-10 21:00:37,704 [Worker-29: Updating Maven Project] INFO  o.e.m.j.i.AbstractJavaProjectConfigurator - Adding resource folder /CodeBai1_Lp02/src/test/resources
2022-09-10 21:00:37,781 [Worker-29: Updating Maven Project] INFO  o.e.m.c.i.p.ProjectConfigurationManager - Update completed: 0 sec
2022-09-10 21:00:37,957 [Worker-26: Building] WARN  o.e.m.c.i.embedder.EclipseLogger - Using platform encoding (Cp1258 actually) to copy filtered resources, i.e. build is platform dependent!
2022-09-10 21:00:37,959 [Worker-26: Building] INFO  o.e.m.c.i.embedder.EclipseLogger - Copying 0 resource
2022-09-10 21:00:37,960 [Worker-26: Building] WARN  o.e.m.c.i.embedder.EclipseLogger - Using platform encoding (Cp1258 actually) to copy filtered resources, i.e. build is platform dependent!
2022-09-10 21:00:37,961 [Worker-26: Building] INFO  o.e.m.c.i.embedder.EclipseLogger - Copying 0 resource
2022-09-10 21:00:54,162 [Worker-26: Building] WARN  o.e.m.c.i.embedder.EclipseLogger - Using platform encoding (Cp1258 actually) to copy filtered resources, i.e. build is platform dependent!
2022-09-10 21:00:54,163 [Worker-26: Building] INFO  o.e.m.c.i.embedder.EclipseLogger - Copying 0 resource
2022-09-10 21:00:54,165 [Worker-26: Building] WARN  o.e.m.c.i.embedder.EclipseLogger - Using platform encoding (Cp1258 actually) to copy filtered resources, i.e. build is platform dependent!
2022-09-10 21:00:54,166 [Worker-26: Building] INFO  o.e.m.c.i.embedder.EclipseLogger - Copying 0 resource
2022-09-10 21:01:05,931 [Worker-32: Building] WARN  o.e.m.c.i.embedder.EclipseLogger - Using platform encoding (Cp1258 actually) to copy filtered resources, i.e. build is platform dependent!
2022-09-10 21:01:05,932 [Worker-32: Building] INFO  o.e.m.c.i.embedder.EclipseLogger - Copying 0 resource
2022-09-10 21:01:05,933 [Worker-32: Building] WARN  o.e.m.c.i.embedder.EclipseLogger - Using platform encoding (Cp1258 actually) to copy filtered resources, i.e. build is platform dependent!
2022-09-10 21:01:05,934 [Worker-32: Building] INFO  o.e.m.c.i.embedder.EclipseLogger - Copying 0 resource
2022-09-10 21:01:09,080 [Worker-26: Building] WARN  o.e.m.c.i.embedder.EclipseLogger - Using platform encoding (Cp1258 actually) to copy filtered resources, i.e. build is platform dependent!
2022-09-10 21:01:09,081 [Worker-26: Building] INFO  o.e.m.c.i.embedder.EclipseLogger - Copying 0 resource
2022-09-10 21:01:09,082 [Worker-26: Building] WARN  o.e.m.c.i.embedder.EclipseLogger - Using platform encoding (Cp1258 actually) to copy filtered resources, i.e. build is platform dependent!
2022-09-10 21:01:09,083 [Worker-26: Building] INFO  o.e.m.c.i.embedder.EclipseLogger - Copying 0 resource
2022-09-10 21:01:17,296 [Worker-29: Building] WARN  o.e.m.c.i.embedder.EclipseLogger - Using platform encoding (Cp1258 actually) to copy filtered resources, i.e. build is platform dependent!
2022-09-10 21:01:17,297 [Worker-29: Building] INFO  o.e.m.c.i.embedder.EclipseLogger - Copying 0 resource
2022-09-10 21:01:17,298 [Worker-29: Building] WARN  o.e.m.c.i.embedder.EclipseLogger - Using platform encoding (Cp1258 actually) to copy filtered resources, i.e. build is platform dependent!
2022-09-10 21:01:17,299 [Worker-29: Building] INFO  o.e.m.c.i.embedder.EclipseLogger - Copying 0 resource
2022-09-10 21:02:14,950 [Worker-31: Building] WARN  o.e.m.c.i.embedder.EclipseLogger - Using platform encoding (Cp1258 actually) to copy filtered resources, i.e. build is platform dependent!
2022-09-10 21:02:14,951 [Worker-31: Building] INFO  o.e.m.c.i.embedder.EclipseLogger - Copying 0 resource
2022-09-10 21:02:14,953 [Worker-31: Building] WARN  o.e.m.c.i.embedder.EclipseLogger - Using platform encoding (Cp1258 actually) to copy filtered resources, i.e. build is platform dependent!
2022-09-10 21:02:14,954 [Worker-31: Building] INFO  o.e.m.c.i.embedder.EclipseLogger - Copying 0 resource
2022-09-10 21:02:24,199 [Worker-34: Building] WARN  o.e.m.c.i.embedder.EclipseLogger - Using platform encoding (Cp1258 actually) to copy filtered resources, i.e. build is platform dependent!
2022-09-10 21:02:24,200 [Worker-34: Building] INFO  o.e.m.c.i.embedder.EclipseLogger - Copying 0 resource
2022-09-10 21:02:24,202 [Worker-34: Building] WARN  o.e.m.c.i.embedder.EclipseLogger - Using platform encoding (Cp1258 actually) to copy filtered resources, i.e. build is platform dependent!
2022-09-10 21:02:24,203 [Worker-34: Building] INFO  o.e.m.c.i.embedder.EclipseLogger - Copying 0 resource
2022-09-10 21:03:53,536 [Worker-32: Building] WARN  o.e.m.c.i.embedder.EclipseLogger - Using platform encoding (Cp1258 actually) to copy filtered resources, i.e. build is platform dependent!
2022-09-10 21:03:53,537 [Worker-32: Building] INFO  o.e.m.c.i.embedder.EclipseLogger - Copying 0 resource
2022-09-10 21:03:53,538 [Worker-32: Building] WARN  o.e.m.c.i.embedder.EclipseLogger - Using platform encoding (Cp1258 actually) to copy filtered resources, i.e. build is platform dependent!
2022-09-10 21:03:53,539 [Worker-32: Building] INFO  o.e.m.c.i.embedder.EclipseLogger - Copying 0 resource
2022-09-10 21:04:45,309 [Worker-31: Building] WARN  o.e.m.c.i.embedder.EclipseLogger - Using platform encoding (Cp1258 actually) to copy filtered resources, i.e. build is platform dependent!
2022-09-10 21:04:45,310 [Worker-31: Building] INFO  o.e.m.c.i.embedder.EclipseLogger - Copying 0 resource
2022-09-10 21:04:45,311 [Worker-31: Building] WARN  o.e.m.c.i.embedder.EclipseLogger - Using platform encoding (Cp1258 actually) to copy filtered resources, i.e. build is platform dependent!
2022-09-10 21:04:45,311 [Worker-31: Building] INFO  o.e.m.c.i.embedder.EclipseLogger - Copying 0 resource
2022-09-10 21:06:04,996 [Worker-32: Building] INFO  o.e.m.c.i.l.LifecycleMappingFactory - Using org.eclipse.m2e.jdt.JarLifecycleMapping lifecycle mapping for MavenProject: CodeBai01_Lap02:CodeBai01_Lap02:0.0.1-SNAPSHOT @ E:\Nam4\KienTruc\CodeBai01_Lap02\pom.xml.
2022-09-10 21:06:05,042 [Worker-32: Building] WARN  o.e.m.c.i.embedder.EclipseLogger - The POM for ddf.action.core:action-core-api:jar:2.28.0 is missing, no dependency information available
2022-09-10 21:06:05,106 [Worker-32: Building] WARN  o.e.m.c.i.embedder.EclipseLogger - Using platform encoding (Cp1258 actually) to copy filtered resources, i.e. build is platform dependent!
2022-09-10 21:06:05,107 [Worker-32: Building] INFO  o.e.m.c.i.embedder.EclipseLogger - Copying 0 resource
2022-09-10 21:06:05,108 [Worker-32: Building] WARN  o.e.m.c.i.embedder.EclipseLogger - Using platform encoding (Cp1258 actually) to copy filtered resources, i.e. build is platform dependent!
2022-09-10 21:06:05,110 [Worker-32: Building] INFO  o.e.m.c.i.embedder.EclipseLogger - Copying 0 resource
2022-09-10 21:06:06,136 [Worker-32: Download sources and javadoc] WARN  o.e.m.c.i.embedder.EclipseLogger - The POM for ddf.action.core:action-core-api:jar:2.28.0 is missing, no dependency information available
2022-09-10 21:06:07,393 [Worker-32: Download sources and javadoc] INFO  o.e.m.c.i.e.AbstractTransferListenerAdapter - Downloaded https://repo.maven.apache.org/maven2/ddf/action/core/action-core-api/2.28.0/action-core-api-2.28.0-sources.jar
2022-09-10 21:06:07,396 [Worker-32: Download sources and javadoc] ERROR o.e.m.j.internal.DownloadSourcesJob - Could not download sources for ddf.action.core:action-core-api:2.28.0
org.eclipse.core.runtime.CoreException: Could not resolve artifact ddf.action.core:action-core-api:jar:sources:2.28.0
	at org.eclipse.m2e.core.internal.embedder.MavenImpl.lambda$4(MavenImpl.java:804)
	at org.eclipse.m2e.core.internal.embedder.MavenExecutionContext.executeBare(MavenExecutionContext.java:179)
	at org.eclipse.m2e.core.internal.embedder.MavenExecutionContext.execute(MavenExecutionContext.java:114)
	at org.eclipse.m2e.core.internal.embedder.MavenExecutionContext.execute(MavenExecutionContext.java:101)
	at org.eclipse.m2e.core.internal.embedder.MavenImpl.resolve(MavenImpl.java:772)
	at org.eclipse.m2e.core.internal.embedder.MavenImpl.resolve(MavenImpl.java:749)
	at org.eclipse.m2e.jdt.internal.DownloadSourcesJob.download(DownloadSourcesJob.java:330)
	at org.eclipse.m2e.jdt.internal.DownloadSourcesJob.downloadAttachments(DownloadSourcesJob.java:304)
	at org.eclipse.m2e.jdt.internal.DownloadSourcesJob.downloadMaven(DownloadSourcesJob.java:269)
	at org.eclipse.m2e.jdt.internal.DownloadSourcesJob.downloadFilesAndPopulateToUpdate(DownloadSourcesJob.java:233)
	at org.eclipse.m2e.jdt.internal.DownloadSourcesJob.lambda$0(DownloadSourcesJob.java:161)
	at org.eclipse.m2e.core.internal.embedder.MavenExecutionContext.executeBare(MavenExecutionContext.java:179)
	at org.eclipse.m2e.core.internal.embedder.MavenExecutionContext.execute(MavenExecutionContext.java:153)
	at org.eclipse.m2e.core.internal.embedder.MavenExecutionContext.execute(MavenExecutionContext.java:101)
	at org.eclipse.m2e.core.internal.embedder.MavenImpl.execute(MavenImpl.java:1374)
	at org.eclipse.m2e.jdt.internal.DownloadSourcesJob.run(DownloadSourcesJob.java:161)
	at org.eclipse.core.internal.jobs.Worker.run(Worker.java:63)
2022-09-10 21:06:16,934 [Worker-31: Building] WARN  o.e.m.c.i.embedder.EclipseLogger - Using platform encoding (Cp1258 actually) to copy filtered resources, i.e. build is platform dependent!
2022-09-10 21:06:16,935 [Worker-31: Building] INFO  o.e.m.c.i.embedder.EclipseLogger - Copying 0 resource
2022-09-10 21:06:16,936 [Worker-31: Building] WARN  o.e.m.c.i.embedder.EclipseLogger - Using platform encoding (Cp1258 actually) to copy filtered resources, i.e. build is platform dependent!
2022-09-10 21:06:16,937 [Worker-31: Building] INFO  o.e.m.c.i.embedder.EclipseLogger - Copying 0 resource
2022-09-10 21:06:27,118 [Worker-32: Updating Maven Project] INFO  o.e.m.c.i.p.ProjectConfigurationManager - Update started
2022-09-10 21:06:27,159 [Worker-32: Updating Maven Project] INFO  o.e.m.c.i.l.LifecycleMappingFactory - Using org.eclipse.m2e.jdt.JarLifecycleMapping lifecycle mapping for MavenProject: CodeBai1_Lp02:CodeBai1_Lp02:0.0.1-SNAPSHOT @ E:\Nam4\KienTruc\CodeBai1_Lp02\pom.xml.
2022-09-10 21:06:27,255 [Worker-32: Updating Maven Project] INFO  o.e.m.j.i.AbstractJavaProjectConfigurator - Adding source folder /CodeBai1_Lp02/src/main/java
2022-09-10 21:06:27,255 [Worker-32: Updating Maven Project] INFO  o.e.m.j.i.AbstractJavaProjectConfigurator - Adding resource folder /CodeBai1_Lp02/src/main/resources
2022-09-10 21:06:27,256 [Worker-32: Updating Maven Project] INFO  o.e.m.j.i.AbstractJavaProjectConfigurator - Adding source folder /CodeBai1_Lp02/src/test/java
2022-09-10 21:06:27,256 [Worker-32: Updating Maven Project] INFO  o.e.m.j.i.AbstractJavaProjectConfigurator - Adding resource folder /CodeBai1_Lp02/src/test/resources
2022-09-10 21:06:27,330 [Worker-32: Updating Maven Project] INFO  o.e.m.c.i.p.ProjectConfigurationManager - Update completed: 0 sec
2022-09-10 21:06:27,526 [Worker-31: Building] WARN  o.e.m.c.i.embedder.EclipseLogger - Using platform encoding (Cp1258 actually) to copy filtered resources, i.e. build is platform dependent!
2022-09-10 21:06:27,527 [Worker-31: Building] INFO  o.e.m.c.i.embedder.EclipseLogger - Copying 0 resource
2022-09-10 21:06:27,529 [Worker-31: Building] WARN  o.e.m.c.i.embedder.EclipseLogger - Using platform encoding (Cp1258 actually) to copy filtered resources, i.e. build is platform dependent!
2022-09-10 21:06:27,530 [Worker-31: Building] INFO  o.e.m.c.i.embedder.EclipseLogger - Copying 0 resource
2022-09-10 21:06:52,997 [Worker-29: Building] WARN  o.e.m.c.i.embedder.EclipseLogger - Using platform encoding (Cp1258 actually) to copy filtered resources, i.e. build is platform dependent!
2022-09-10 21:06:52,998 [Worker-29: Building] INFO  o.e.m.c.i.embedder.EclipseLogger - Copying 0 resource
2022-09-10 21:06:53,001 [Worker-29: Building] WARN  o.e.m.c.i.embedder.EclipseLogger - Using platform encoding (Cp1258 actually) to copy filtered resources, i.e. build is platform dependent!
2022-09-10 21:06:53,003 [Worker-29: Building] INFO  o.e.m.c.i.embedder.EclipseLogger - Copying 0 resource
2022-09-10 21:07:02,333 [Worker-34: Building] WARN  o.e.m.c.i.embedder.EclipseLogger - Using platform encoding (Cp1258 actually) to copy filtered resources, i.e. build is platform dependent!
2022-09-10 21:07:02,334 [Worker-34: Building] INFO  o.e.m.c.i.embedder.EclipseLogger - Copying 0 resource
2022-09-10 21:07:02,335 [Worker-34: Building] WARN  o.e.m.c.i.embedder.EclipseLogger - Using platform encoding (Cp1258 actually) to copy filtered resources, i.e. build is platform dependent!
2022-09-10 21:07:02,336 [Worker-34: Building] INFO  o.e.m.c.i.embedder.EclipseLogger - Copying 0 resource
2022-09-10 21:07:08,215 [Worker-31: Building] WARN  o.e.m.c.i.embedder.EclipseLogger - Using platform encoding (Cp1258 actually) to copy filtered resources, i.e. build is platform dependent!
2022-09-10 21:07:08,216 [Worker-31: Building] INFO  o.e.m.c.i.embedder.EclipseLogger - Copying 0 resource
2022-09-10 21:07:08,217 [Worker-31: Building] WARN  o.e.m.c.i.embedder.EclipseLogger - Using platform encoding (Cp1258 actually) to copy filtered resources, i.e. build is platform dependent!
2022-09-10 21:07:08,218 [Worker-31: Building] INFO  o.e.m.c.i.embedder.EclipseLogger - Copying 0 resource
2022-09-10 21:07:15,040 [Worker-34: Building] WARN  o.e.m.c.i.embedder.EclipseLogger - Using platform encoding (Cp1258 actually) to copy filtered resources, i.e. build is platform dependent!
2022-09-10 21:07:15,041 [Worker-34: Building] INFO  o.e.m.c.i.embedder.EclipseLogger - Copying 0 resource
2022-09-10 21:07:15,042 [Worker-34: Building] WARN  o.e.m.c.i.embedder.EclipseLogger - Using platform encoding (Cp1258 actually) to copy filtered resources, i.e. build is platform dependent!
2022-09-10 21:07:15,043 [Worker-34: Building] INFO  o.e.m.c.i.embedder.EclipseLogger - Copying 0 resource
2022-09-10 21:07:27,194 [Worker-25: Building] INFO  o.e.m.c.i.l.LifecycleMappingFactory - Using org.eclipse.m2e.jdt.JarLifecycleMapping lifecycle mapping for MavenProject: CodeBai01_Lap02:CodeBai01_Lap02:0.0.1-SNAPSHOT @ E:\Nam4\KienTruc\CodeBai01_Lap02\pom.xml.
2022-09-10 21:07:27,257 [Worker-25: Building] WARN  o.e.m.c.i.embedder.EclipseLogger - Using platform encoding (Cp1258 actually) to copy filtered resources, i.e. build is platform dependent!
2022-09-10 21:07:27,258 [Worker-25: Building] INFO  o.e.m.c.i.embedder.EclipseLogger - Copying 0 resource
2022-09-10 21:07:27,259 [Worker-25: Building] WARN  o.e.m.c.i.embedder.EclipseLogger - Using platform encoding (Cp1258 actually) to copy filtered resources, i.e. build is platform dependent!
2022-09-10 21:07:27,260 [Worker-25: Building] INFO  o.e.m.c.i.embedder.EclipseLogger - Copying 0 resource
2022-09-10 21:07:28,515 [Worker-31: Building] WARN  o.e.m.c.i.embedder.EclipseLogger - Using platform encoding (Cp1258 actually) to copy filtered resources, i.e. build is platform dependent!
2022-09-10 21:07:28,516 [Worker-31: Building] INFO  o.e.m.c.i.embedder.EclipseLogger - Copying 0 resource
2022-09-10 21:07:28,517 [Worker-31: Building] WARN  o.e.m.c.i.embedder.EclipseLogger - Using platform encoding (Cp1258 actually) to copy filtered resources, i.e. build is platform dependent!
2022-09-10 21:07:28,518 [Worker-31: Building] INFO  o.e.m.c.i.embedder.EclipseLogger - Copying 0 resource
2022-09-10 21:10:25,440 [Worker-25: Creating project "CodeBai2_Tuan2"] INFO  o.e.m.c.i.l.LifecycleMappingFactory - Using org.eclipse.m2e.jdt.JarLifecycleMapping lifecycle mapping for MavenProject: CodeBai2_Tuan2:CodeBai2_Tuan2:0.0.1-SNAPSHOT @ E:\Nam4\KienTruc\CodeBai2_Tuan2\pom.xml.
2022-09-10 21:10:25,476 [Worker-25: Creating project "CodeBai2_Tuan2"] INFO  o.e.m.j.i.AbstractJavaProjectConfigurator - Adding source folder /CodeBai2_Tuan2/src/main/java
2022-09-10 21:10:25,477 [Worker-25: Creating project "CodeBai2_Tuan2"] INFO  o.e.m.j.i.AbstractJavaProjectConfigurator - Adding resource folder /CodeBai2_Tuan2/src/main/resources
2022-09-10 21:10:25,478 [Worker-25: Creating project "CodeBai2_Tuan2"] INFO  o.e.m.j.i.AbstractJavaProjectConfigurator - Adding source folder /CodeBai2_Tuan2/src/test/java
2022-09-10 21:10:25,478 [Worker-25: Creating project "CodeBai2_Tuan2"] INFO  o.e.m.j.i.AbstractJavaProjectConfigurator - Adding resource folder /CodeBai2_Tuan2/src/test/resources
2022-09-10 21:10:25,708 [Worker-36: Building] WARN  o.e.m.c.i.embedder.EclipseLogger - Using platform encoding (Cp1258 actually) to copy filtered resources, i.e. build is platform dependent!
2022-09-10 21:10:25,709 [Worker-36: Building] INFO  o.e.m.c.i.embedder.EclipseLogger - Copying 0 resource
2022-09-10 21:10:25,710 [Worker-36: Building] WARN  o.e.m.c.i.embedder.EclipseLogger - Using platform encoding (Cp1258 actually) to copy filtered resources, i.e. build is platform dependent!
2022-09-10 21:10:25,711 [Worker-36: Building] INFO  o.e.m.c.i.embedder.EclipseLogger - Copying 0 resource
2022-09-10 21:10:41,465 [Worker-36: Building] WARN  o.e.m.c.i.embedder.EclipseLogger - Using platform encoding (Cp1258 actually) to copy filtered resources, i.e. build is platform dependent!
2022-09-10 21:10:41,466 [Worker-36: Building] INFO  o.e.m.c.i.embedder.EclipseLogger - Copying 0 resource
2022-09-10 21:10:41,467 [Worker-36: Building] WARN  o.e.m.c.i.embedder.EclipseLogger - Using platform encoding (Cp1258 actually) to copy filtered resources, i.e. build is platform dependent!
2022-09-10 21:10:41,469 [Worker-36: Building] INFO  o.e.m.c.i.embedder.EclipseLogger - Copying 0 resource
2022-09-10 21:10:57,122 [Worker-25: Building] INFO  o.e.m.c.i.l.LifecycleMappingFactory - Using org.eclipse.m2e.jdt.JarLifecycleMapping lifecycle mapping for MavenProject: CodeBai2_Tuan2:CodeBai2_Tuan2:0.0.1-SNAPSHOT @ E:\Nam4\KienTruc\CodeBai2_Tuan2\pom.xml.
2022-09-10 21:10:57,192 [Worker-25: Building] WARN  o.e.m.c.i.embedder.EclipseLogger - Using platform encoding (Cp1258 actually) to copy filtered resources, i.e. build is platform dependent!
2022-09-10 21:10:57,193 [Worker-25: Building] INFO  o.e.m.c.i.embedder.EclipseLogger - Copying 0 resource
2022-09-10 21:10:57,195 [Worker-25: Building] WARN  o.e.m.c.i.embedder.EclipseLogger - Using platform encoding (Cp1258 actually) to copy filtered resources, i.e. build is platform dependent!
2022-09-10 21:10:57,197 [Worker-25: Building] INFO  o.e.m.c.i.embedder.EclipseLogger - Copying 0 resource
2022-09-10 21:10:58,435 [Worker-25: Building] WARN  o.e.m.c.i.embedder.EclipseLogger - Using platform encoding (Cp1258 actually) to copy filtered resources, i.e. build is platform dependent!
2022-09-10 21:10:58,437 [Worker-25: Building] INFO  o.e.m.c.i.embedder.EclipseLogger - Copying 0 resource
2022-09-10 21:10:58,438 [Worker-25: Building] WARN  o.e.m.c.i.embedder.EclipseLogger - Using platform encoding (Cp1258 actually) to copy filtered resources, i.e. build is platform dependent!
2022-09-10 21:10:58,439 [Worker-25: Building] INFO  o.e.m.c.i.embedder.EclipseLogger - Copying 0 resource
2022-09-10 21:11:02,680 [Worker-36: Updating Maven Project] INFO  o.e.m.c.i.p.ProjectConfigurationManager - Update started
2022-09-10 21:11:02,717 [Worker-36: Updating Maven Project] INFO  o.e.m.c.i.l.LifecycleMappingFactory - Using org.eclipse.m2e.jdt.JarLifecycleMapping lifecycle mapping for MavenProject: CodeBai2_Tuan2:CodeBai2_Tuan2:0.0.1-SNAPSHOT @ E:\Nam4\KienTruc\CodeBai2_Tuan2\pom.xml.
2022-09-10 21:11:02,790 [Worker-36: Updating Maven Project] INFO  o.e.m.j.i.AbstractJavaProjectConfigurator - Adding source folder /CodeBai2_Tuan2/src/main/java
2022-09-10 21:11:02,791 [Worker-36: Updating Maven Project] INFO  o.e.m.j.i.AbstractJavaProjectConfigurator - Adding resource folder /CodeBai2_Tuan2/src/main/resources
2022-09-10 21:11:02,791 [Worker-36: Updating Maven Project] INFO  o.e.m.j.i.AbstractJavaProjectConfigurator - Adding source folder /CodeBai2_Tuan2/src/test/java
2022-09-10 21:11:02,791 [Worker-36: Updating Maven Project] INFO  o.e.m.j.i.AbstractJavaProjectConfigurator - Adding resource folder /CodeBai2_Tuan2/src/test/resources
2022-09-10 21:11:02,854 [Worker-36: Updating Maven Project] INFO  o.e.m.c.i.p.ProjectConfigurationManager - Update completed: 0 sec
2022-09-10 21:11:03,071 [Worker-25: Building] WARN  o.e.m.c.i.embedder.EclipseLogger - Using platform encoding (Cp1258 actually) to copy filtered resources, i.e. build is platform dependent!
2022-09-10 21:11:03,072 [Worker-25: Building] INFO  o.e.m.c.i.embedder.EclipseLogger - Copying 0 resource
2022-09-10 21:11:03,074 [Worker-25: Building] WARN  o.e.m.c.i.embedder.EclipseLogger - Using platform encoding (Cp1258 actually) to copy filtered resources, i.e. build is platform dependent!
2022-09-10 21:11:03,074 [Worker-25: Building] INFO  o.e.m.c.i.embedder.EclipseLogger - Copying 0 resource
2022-09-10 21:11:12,222 [Worker-37: Building] WARN  o.e.m.c.i.embedder.EclipseLogger - Using platform encoding (Cp1258 actually) to copy filtered resources, i.e. build is platform dependent!
2022-09-10 21:11:12,224 [Worker-37: Building] INFO  o.e.m.c.i.embedder.EclipseLogger - Copying 0 resource
2022-09-10 21:11:12,225 [Worker-37: Building] WARN  o.e.m.c.i.embedder.EclipseLogger - Using platform encoding (Cp1258 actually) to copy filtered resources, i.e. build is platform dependent!
2022-09-10 21:11:12,227 [Worker-37: Building] INFO  o.e.m.c.i.embedder.EclipseLogger - Copying 0 resource
2022-09-10 21:11:16,602 [Worker-26: Building] WARN  o.e.m.c.i.embedder.EclipseLogger - Using platform encoding (Cp1258 actually) to copy filtered resources, i.e. build is platform dependent!
2022-09-10 21:11:16,603 [Worker-26: Building] INFO  o.e.m.c.i.embedder.EclipseLogger - Copying 0 resource
2022-09-10 21:11:16,605 [Worker-26: Building] WARN  o.e.m.c.i.embedder.EclipseLogger - Using platform encoding (Cp1258 actually) to copy filtered resources, i.e. build is platform dependent!
2022-09-10 21:11:16,606 [Worker-26: Building] INFO  o.e.m.c.i.embedder.EclipseLogger - Copying 0 resource
2022-09-10 21:11:28,232 [Worker-25: Building] WARN  o.e.m.c.i.embedder.EclipseLogger - Using platform encoding (Cp1258 actually) to copy filtered resources, i.e. build is platform dependent!
2022-09-10 21:11:28,233 [Worker-25: Building] INFO  o.e.m.c.i.embedder.EclipseLogger - Copying 0 resource
2022-09-10 21:11:28,234 [Worker-25: Building] WARN  o.e.m.c.i.embedder.EclipseLogger - Using platform encoding (Cp1258 actually) to copy filtered resources, i.e. build is platform dependent!
2022-09-10 21:11:28,235 [Worker-25: Building] INFO  o.e.m.c.i.embedder.EclipseLogger - Copying 0 resource
2022-09-10 21:11:36,248 [Worker-29: Building] WARN  o.e.m.c.i.embedder.EclipseLogger - Using platform encoding (Cp1258 actually) to copy filtered resources, i.e. build is platform dependent!
2022-09-10 21:11:36,249 [Worker-29: Building] INFO  o.e.m.c.i.embedder.EclipseLogger - Copying 0 resource
2022-09-10 21:11:36,250 [Worker-29: Building] WARN  o.e.m.c.i.embedder.EclipseLogger - Using platform encoding (Cp1258 actually) to copy filtered resources, i.e. build is platform dependent!
2022-09-10 21:11:36,252 [Worker-29: Building] INFO  o.e.m.c.i.embedder.EclipseLogger - Copying 0 resource
2022-09-10 21:12:08,809 [Worker-37: Building] INFO  o.e.m.c.i.l.LifecycleMappingFactory - Using org.eclipse.m2e.jdt.JarLifecycleMapping lifecycle mapping for MavenProject: CodeBai2_Tuan2:CodeBai2_Tuan2:0.0.1-SNAPSHOT @ E:\Nam4\KienTruc\CodeBai2_Tuan2_Queue_Publisher\pom.xml.
2022-09-10 21:12:08,883 [Worker-37: Building] WARN  o.e.m.c.i.embedder.EclipseLogger - Using platform encoding (Cp1258 actually) to copy filtered resources, i.e. build is platform dependent!
2022-09-10 21:12:08,884 [Worker-37: Building] INFO  o.e.m.c.i.embedder.EclipseLogger - Copying 0 resource
2022-09-10 21:12:08,886 [Worker-37: Building] WARN  o.e.m.c.i.embedder.EclipseLogger - Using platform encoding (Cp1258 actually) to copy filtered resources, i.e. build is platform dependent!
2022-09-10 21:12:08,887 [Worker-37: Building] INFO  o.e.m.c.i.embedder.EclipseLogger - Copying 0 resource
2022-09-10 21:12:10,128 [Worker-26: Building] WARN  o.e.m.c.i.embedder.EclipseLogger - Using platform encoding (Cp1258 actually) to copy filtered resources, i.e. build is platform dependent!
2022-09-10 21:12:10,131 [Worker-26: Building] INFO  o.e.m.c.i.embedder.EclipseLogger - Copying 0 resource
2022-09-10 21:12:10,133 [Worker-26: Building] WARN  o.e.m.c.i.embedder.EclipseLogger - Using platform encoding (Cp1258 actually) to copy filtered resources, i.e. build is platform dependent!
2022-09-10 21:12:10,135 [Worker-26: Building] INFO  o.e.m.c.i.embedder.EclipseLogger - Copying 0 resource
2022-09-10 21:12:48,666 [Worker-29: Creating project "CodeBai2_Tuan2_Queue_Subcriber"] INFO  o.e.m.c.i.l.LifecycleMappingFactory - Using org.eclipse.m2e.jdt.JarLifecycleMapping lifecycle mapping for MavenProject: CodeBai2_Tuan2_Queue_Subcriber:CodeBai2_Tuan2_Queue_Subcriber:0.0.1-SNAPSHOT @ E:\Nam4\KienTruc\CodeBai2_Tuan2_Queue_Subcriber\pom.xml.
2022-09-10 21:12:48,703 [Worker-29: Creating project "CodeBai2_Tuan2_Queue_Subcriber"] INFO  o.e.m.j.i.AbstractJavaProjectConfigurator - Adding source folder /CodeBai2_Tuan2_Queue_Subcriber/src/main/java
2022-09-10 21:12:48,703 [Worker-29: Creating project "CodeBai2_Tuan2_Queue_Subcriber"] INFO  o.e.m.j.i.AbstractJavaProjectConfigurator - Adding resource folder /CodeBai2_Tuan2_Queue_Subcriber/src/main/resources
2022-09-10 21:12:48,703 [Worker-29: Creating project "CodeBai2_Tuan2_Queue_Subcriber"] INFO  o.e.m.j.i.AbstractJavaProjectConfigurator - Adding source folder /CodeBai2_Tuan2_Queue_Subcriber/src/test/java
2022-09-10 21:12:48,704 [Worker-29: Creating project "CodeBai2_Tuan2_Queue_Subcriber"] INFO  o.e.m.j.i.AbstractJavaProjectConfigurator - Adding resource folder /CodeBai2_Tuan2_Queue_Subcriber/src/test/resources
2022-09-10 21:12:48,911 [Worker-26: Building] WARN  o.e.m.c.i.embedder.EclipseLogger - Using platform encoding (Cp1258 actually) to copy filtered resources, i.e. build is platform dependent!
2022-09-10 21:12:48,912 [Worker-26: Building] INFO  o.e.m.c.i.embedder.EclipseLogger - Copying 0 resource
2022-09-10 21:12:48,913 [Worker-26: Building] WARN  o.e.m.c.i.embedder.EclipseLogger - Using platform encoding (Cp1258 actually) to copy filtered resources, i.e. build is platform dependent!
2022-09-10 21:12:48,914 [Worker-26: Building] INFO  o.e.m.c.i.embedder.EclipseLogger - Copying 0 resource
2022-09-10 21:13:02,443 [Worker-26: Building] INFO  o.e.m.c.i.l.LifecycleMappingFactory - Using org.eclipse.m2e.jdt.JarLifecycleMapping lifecycle mapping for MavenProject: CodeBai2_Tuan2_Queue_Subcriber:CodeBai2_Tuan2_Queue_Subcriber:0.0.1-SNAPSHOT @ E:\Nam4\KienTruc\CodeBai2_Tuan2_Queue_Subcriber\pom.xml.
2022-09-10 21:13:02,508 [Worker-26: Building] WARN  o.e.m.c.i.embedder.EclipseLogger - Using platform encoding (Cp1258 actually) to copy filtered resources, i.e. build is platform dependent!
2022-09-10 21:13:02,509 [Worker-26: Building] INFO  o.e.m.c.i.embedder.EclipseLogger - Copying 0 resource
2022-09-10 21:13:02,510 [Worker-26: Building] WARN  o.e.m.c.i.embedder.EclipseLogger - Using platform encoding (Cp1258 actually) to copy filtered resources, i.e. build is platform dependent!
2022-09-10 21:13:02,511 [Worker-26: Building] INFO  o.e.m.c.i.embedder.EclipseLogger - Copying 0 resource
2022-09-10 21:13:03,688 [Worker-36: Building] WARN  o.e.m.c.i.embedder.EclipseLogger - Using platform encoding (Cp1258 actually) to copy filtered resources, i.e. build is platform dependent!
2022-09-10 21:13:03,689 [Worker-36: Building] INFO  o.e.m.c.i.embedder.EclipseLogger - Copying 0 resource
2022-09-10 21:13:03,690 [Worker-36: Building] WARN  o.e.m.c.i.embedder.EclipseLogger - Using platform encoding (Cp1258 actually) to copy filtered resources, i.e. build is platform dependent!
2022-09-10 21:13:03,691 [Worker-36: Building] INFO  o.e.m.c.i.embedder.EclipseLogger - Copying 0 resource
2022-09-10 21:13:26,498 [Worker-37: Building] WARN  o.e.m.c.i.embedder.EclipseLogger - Using platform encoding (Cp1258 actually) to copy filtered resources, i.e. build is platform dependent!
2022-09-10 21:13:26,499 [Worker-37: Building] INFO  o.e.m.c.i.embedder.EclipseLogger - Copying 0 resource
2022-09-10 21:13:26,501 [Worker-37: Building] WARN  o.e.m.c.i.embedder.EclipseLogger - Using platform encoding (Cp1258 actually) to copy filtered resources, i.e. build is platform dependent!
2022-09-10 21:13:26,501 [Worker-37: Building] INFO  o.e.m.c.i.embedder.EclipseLogger - Copying 0 resource
2022-09-10 21:13:33,119 [Worker-25: Building] WARN  o.e.m.c.i.embedder.EclipseLogger - Using platform encoding (Cp1258 actually) to copy filtered resources, i.e. build is platform dependent!
2022-09-10 21:13:33,121 [Worker-25: Building] INFO  o.e.m.c.i.embedder.EclipseLogger - Copying 0 resource
2022-09-10 21:13:33,122 [Worker-25: Building] WARN  o.e.m.c.i.embedder.EclipseLogger - Using platform encoding (Cp1258 actually) to copy filtered resources, i.e. build is platform dependent!
2022-09-10 21:13:33,125 [Worker-25: Building] INFO  o.e.m.c.i.embedder.EclipseLogger - Copying 0 resource
2022-09-10 21:13:39,846 [Worker-37: Building] WARN  o.e.m.c.i.embedder.EclipseLogger - Using platform encoding (Cp1258 actually) to copy filtered resources, i.e. build is platform dependent!
2022-09-10 21:13:39,847 [Worker-37: Building] INFO  o.e.m.c.i.embedder.EclipseLogger - Copying 0 resource
2022-09-10 21:13:39,849 [Worker-37: Building] WARN  o.e.m.c.i.embedder.EclipseLogger - Using platform encoding (Cp1258 actually) to copy filtered resources, i.e. build is platform dependent!
2022-09-10 21:13:39,852 [Worker-37: Building] INFO  o.e.m.c.i.embedder.EclipseLogger - Copying 0 resource
2022-09-10 21:13:48,426 [Worker-38: Building] WARN  o.e.m.c.i.embedder.EclipseLogger - Using platform encoding (Cp1258 actually) to copy filtered resources, i.e. build is platform dependent!
2022-09-10 21:13:48,427 [Worker-38: Building] INFO  o.e.m.c.i.embedder.EclipseLogger - Copying 0 resource
2022-09-10 21:13:48,428 [Worker-38: Building] WARN  o.e.m.c.i.embedder.EclipseLogger - Using platform encoding (Cp1258 actually) to copy filtered resources, i.e. build is platform dependent!
2022-09-10 21:13:48,429 [Worker-38: Building] INFO  o.e.m.c.i.embedder.EclipseLogger - Copying 0 resource
